<?xml version="1.0" encoding="UTF-8" standalone="no"?>
<view xmlns="http://jmix.io/schema/flowui/view"
        title="msg://testScreen.caption">
    <layout>
        <hbox>
            <button id="testListsBtn" text="msg://testListsBtn.caption"/>
            <button id="openTaskBtn" text="msg://openTaskBtn.caption"/>
        </hbox>
    </layout>
</view>